Arguments: 
  D:\node\node.exe C:\Users\Matheus\AppData\Roaming\npm\node_modules\yarn\bin\yarn.js add -D typescript nodemon ts-node @types/

PATH: 
  C:\Program Files\Microsoft\jdk-11.0.12.7-hotspot\bin;C:\Program Files (x86)\NVIDIA Corporation\PhysX\Common;C:\Program Files (x86)\Common Files\Oracle\Java\javapath;C:\WINDOWS\system32;C:\WINDOWS;C:\WINDOWS\System32\Wbem;C:\WINDOWS\System32\WindowsPowerShell\v1.0\;C:\WINDOWS\System32\OpenSSH\;C:\Program Files\Git\cmd;D:\Java\bin;;C:\Program Files\NVIDIA Corporation\NVIDIA NvDLISR;D:\node\;C:\Program Files\dotnet\;C:\Users\Matheus\.console-ninja\.bin;C:\Users\Matheus\AppData\Local\Programs\Python\Python311\Scripts\;C:\Users\Matheus\AppData\Local\Programs\Python\Python311\;C:\Users\Matheus\AppData\Local\Microsoft\WindowsApps;C:\Users\Matheus\AppData\Local\Programs\Microsoft VS Code\bin;C:\Users\Matheus\AppData\Roaming\npm;D:\postgresql\bin;C:\Users\Matheus\.dotnet\tools

Yarn version: 
  1.22.19

Node version: 
  18.12.1

Platform: 
  win32 x64

Trace: 
  Error: https://registry.yarnpkg.com/@types%2f: Request "https://registry.yarnpkg.com/@types%2f" returned a 405
      at params.callback [as _callback] (C:\Users\Matheus\AppData\Roaming\npm\node_modules\yarn\lib\cli.js:66154:18)
      at self.callback (C:\Users\Matheus\AppData\Roaming\npm\node_modules\yarn\lib\cli.js:140890:22)
      at Request.emit (node:events:513:28)
      at Request.<anonymous> (C:\Users\Matheus\AppData\Roaming\npm\node_modules\yarn\lib\cli.js:141862:10)
      at Request.emit (node:events:513:28)
      at IncomingMessage.<anonymous> (C:\Users\Matheus\AppData\Roaming\npm\node_modules\yarn\lib\cli.js:141784:12)
      at Object.onceWrapper (node:events:627:28)
      at IncomingMessage.emit (node:events:525:35)
      at endReadableNT (node:internal/streams/readable:1359:12)
      at process.processTicksAndRejections (node:internal/process/task_queues:82:21)

npm manifest: 
  {
    "name": "back-end",
    "version": "1.0.0",
    "main": "index.js",
    "license": "MIT"
  }

yarn manifest: 
  No manifest

Lockfile: 
  No lockfile
